<?xml version="1.0" encoding="UTF-8"?>
<!-- Generated by org.testng.reporters.JUnitReportReporter -->
<testsuite hostname="LAPTOP-SE59J22D" failures="0" tests="4" name="sample.ChassisTyreGRN2" time="45.744" errors="2" timestamp="2022-09-08T13:10:27 IST" skipped="0">
  <testcase classname="sample.ChassisTyreGRN2" name="TestCase" time="29.073"/>
  <system-out/>
  <testcase classname="sample.ChassisTyreGRN2" name="OpenTyreDashboard" time="12.521"/>
  <system-out/>
  <testcase classname="sample.ChassisTyreGRN2" name="VerifyVehicleNo" time="3.025">
    <error message="
[public void sample.ChassisTyreGRN2.VerifyVehicleNo(java.lang.String,java.lang.String) throws java.lang.InterruptedException] has no parameters defined but was found to be using a data provider (either explicitly specified or inherited from class level annotation).
Data provider mismatch
Method: VerifyVehicleNo([Parameter{index=0, type=java.lang.String, declaredAnnotations=[]}, Parameter{index=1, type=java.lang.String, declaredAnnotations=[]}])
Arguments: [(java.lang.String) TT02DV6269,(java.lang.String) 200,(java.lang.String) Lakhadweep,(java.lang.String) Islam,(java.lang.String) Tyretest089,(java.lang.String) 2000,(java.lang.String) card79j,(java.lang.String) Sep-22,(java.lang.String) 20,(java.lang.String) 1000R20 Chinese Rad16,10R20,(java.lang.String) AddMiles,10R20,(java.lang.String) 7000]" type="org.testng.internal.reflect.MethodMatcherException">
      <![CDATA[org.testng.internal.reflect.MethodMatcherException: 
[public void sample.ChassisTyreGRN2.VerifyVehicleNo(java.lang.String,java.lang.String) throws java.lang.InterruptedException] has no parameters defined but was found to be using a data provider (either explicitly specified or inherited from class level annotation).
Data provider mismatch
Method: VerifyVehicleNo([Parameter{index=0, type=java.lang.String, declaredAnnotations=[]}, Parameter{index=1, type=java.lang.String, declaredAnnotations=[]}])
Arguments: [(java.lang.String) TT02DV6269,(java.lang.String) 200,(java.lang.String) Lakhadweep,(java.lang.String) Islam,(java.lang.String) Tyretest089,(java.lang.String) 2000,(java.lang.String) card79j,(java.lang.String) Sep-22,(java.lang.String) 20,(java.lang.String) 1000R20 Chinese Rad16,10R20,(java.lang.String) AddMiles,10R20,(java.lang.String) 7000]
at org.testng.internal.reflect.DataProviderMethodMatcher.getConformingArguments(DataProviderMethodMatcher.java:46)
at org.testng.internal.Parameters.injectParameters(Parameters.java:886)
at org.testng.internal.invokers.MethodRunner.runInSequence(MethodRunner.java:37)
at org.testng.internal.invokers.TestInvoker$MethodInvocationAgent.invoke(TestInvoker.java:945)
at org.testng.internal.invokers.TestInvoker.invokeTestMethods(TestInvoker.java:193)
at org.testng.internal.invokers.TestMethodWorker.invokeTestMethods(TestMethodWorker.java:146)
at org.testng.internal.invokers.TestMethodWorker.run(TestMethodWorker.java:128)
at java.base/java.util.ArrayList.forEach(ArrayList.java:1511)
at org.testng.TestRunner.privateRun(TestRunner.java:808)
at org.testng.TestRunner.run(TestRunner.java:603)
at org.testng.SuiteRunner.runTest(SuiteRunner.java:429)
at org.testng.SuiteRunner.runSequentially(SuiteRunner.java:423)
at org.testng.SuiteRunner.privateRun(SuiteRunner.java:383)
at org.testng.SuiteRunner.run(SuiteRunner.java:326)
at org.testng.SuiteRunnerWorker.runSuite(SuiteRunnerWorker.java:52)
at org.testng.SuiteRunnerWorker.run(SuiteRunnerWorker.java:95)
at org.testng.TestNG.runSuitesSequentially(TestNG.java:1249)
at org.testng.TestNG.runSuitesLocally(TestNG.java:1169)
at org.testng.TestNG.runSuites(TestNG.java:1092)
at org.testng.TestNG.run(TestNG.java:1060)
at org.testng.remote.AbstractRemoteTestNG.run(AbstractRemoteTestNG.java:115)
at org.testng.remote.RemoteTestNG.initAndRun(RemoteTestNG.java:251)
at org.testng.remote.RemoteTestNG.main(RemoteTestNG.java:77)
]]>
    </error>
  </testcase> <!-- VerifyVehicleNo -->
  <system-out/>
  <testcase classname="sample.ChassisTyreGRN2" name="VerifyOfficeNo" time="1.125">
    <error message="
[public void sample.ChassisTyreGRN2.VerifyOfficeNo(java.lang.String,java.lang.String) throws java.lang.InterruptedException] has no parameters defined but was found to be using a data provider (either explicitly specified or inherited from class level annotation).
Data provider mismatch
Method: VerifyOfficeNo([Parameter{index=0, type=java.lang.String, declaredAnnotations=[]}, Parameter{index=1, type=java.lang.String, declaredAnnotations=[]}])
Arguments: [(java.lang.String) TT02DV6269,(java.lang.String) 200,(java.lang.String) Lakhadweep,(java.lang.String) Islam,(java.lang.String) Tyretest089,(java.lang.String) 2000,(java.lang.String) card79j,(java.lang.String) Sep-22,(java.lang.String) 20,(java.lang.String) 1000R20 Chinese Rad16,10R20,(java.lang.String) AddMiles,10R20,(java.lang.String) 7000]" type="org.testng.internal.reflect.MethodMatcherException">
      <![CDATA[org.testng.internal.reflect.MethodMatcherException: 
[public void sample.ChassisTyreGRN2.VerifyOfficeNo(java.lang.String,java.lang.String) throws java.lang.InterruptedException] has no parameters defined but was found to be using a data provider (either explicitly specified or inherited from class level annotation).
Data provider mismatch
Method: VerifyOfficeNo([Parameter{index=0, type=java.lang.String, declaredAnnotations=[]}, Parameter{index=1, type=java.lang.String, declaredAnnotations=[]}])
Arguments: [(java.lang.String) TT02DV6269,(java.lang.String) 200,(java.lang.String) Lakhadweep,(java.lang.String) Islam,(java.lang.String) Tyretest089,(java.lang.String) 2000,(java.lang.String) card79j,(java.lang.String) Sep-22,(java.lang.String) 20,(java.lang.String) 1000R20 Chinese Rad16,10R20,(java.lang.String) AddMiles,10R20,(java.lang.String) 7000]
at org.testng.internal.reflect.DataProviderMethodMatcher.getConformingArguments(DataProviderMethodMatcher.java:46)
at org.testng.internal.Parameters.injectParameters(Parameters.java:886)
at org.testng.internal.invokers.MethodRunner.runInSequence(MethodRunner.java:37)
at org.testng.internal.invokers.TestInvoker$MethodInvocationAgent.invoke(TestInvoker.java:945)
at org.testng.internal.invokers.TestInvoker.invokeTestMethods(TestInvoker.java:193)
at org.testng.internal.invokers.TestMethodWorker.invokeTestMethods(TestMethodWorker.java:146)
at org.testng.internal.invokers.TestMethodWorker.run(TestMethodWorker.java:128)
at java.base/java.util.ArrayList.forEach(ArrayList.java:1511)
at org.testng.TestRunner.privateRun(TestRunner.java:808)
at org.testng.TestRunner.run(TestRunner.java:603)
at org.testng.SuiteRunner.runTest(SuiteRunner.java:429)
at org.testng.SuiteRunner.runSequentially(SuiteRunner.java:423)
at org.testng.SuiteRunner.privateRun(SuiteRunner.java:383)
at org.testng.SuiteRunner.run(SuiteRunner.java:326)
at org.testng.SuiteRunnerWorker.runSuite(SuiteRunnerWorker.java:52)
at org.testng.SuiteRunnerWorker.run(SuiteRunnerWorker.java:95)
at org.testng.TestNG.runSuitesSequentially(TestNG.java:1249)
at org.testng.TestNG.runSuitesLocally(TestNG.java:1169)
at org.testng.TestNG.runSuites(TestNG.java:1092)
at org.testng.TestNG.run(TestNG.java:1060)
at org.testng.remote.AbstractRemoteTestNG.run(AbstractRemoteTestNG.java:115)
at org.testng.remote.RemoteTestNG.initAndRun(RemoteTestNG.java:251)
at org.testng.remote.RemoteTestNG.main(RemoteTestNG.java:77)
]]>
    </error>
  </testcase> <!-- VerifyOfficeNo -->
  <system-out/>
</testsuite> <!-- sample.ChassisTyreGRN2 -->
